<?xml version="1.0" encoding="utf-8"?>
<TestRun id="ec11aa0d-0024-4b3d-bd90-696b4144da2a" name="@29de845f451e 2026-04-28 04:46:47" xmlns="http://microsoft.com/schemas/VisualStudio/TeamTest/2010">
  <Times creation="2026-04-28T04:46:47.8420571+00:00" queuing="2026-04-28T04:46:47.8420572+00:00" start="2026-04-28T04:46:47.0445836+00:00" finish="2026-04-28T04:46:47.8426223+00:00" />
  <TestSettings name="default" id="23bdcbf8-479f-42d2-b457-93b5fdb2a4d2">
    <Deployment runDeploymentRoot="_29de845f451e_2026-04-28_04_46_47" />
  </TestSettings>
  <TestLists>
    <TestList name="Results Not in a List" id="8c84fa94-04c1-424b-9868-57a2d4851a1d" />
    <TestList name="All Loaded Results" id="19431567-8539-422a-85d7-44ee4e166bda" />
  </TestLists>
  <ResultSummary outcome="Completed">
    <Counters total="0" executed="0" passed="0" failed="0" error="0" timeout="0" aborted="0" inconclusive="0" passedButRunAborted="0" notRunnable="0" notExecuted="0" disconnected="0" warning="0" completed="0" inProgress="0" pending="0" />
    <Output>
      <StdOut>[xUnit.net 00:00:00.00] xUnit.net VSTest Adapter v2.5.3.1+6b60a9e56a (64-bit .NET 8.0.26)
[xUnit.net 00:00:00.08]   Discovering: GraphCanonizationProject.Tests
[xUnit.net 00:00:00.15]   Discovered:  GraphCanonizationProject.Tests
[xUnit.net 00:00:00.16]   Starting:    GraphCanonizationProject.Tests
[xUnit.net 00:00:00.18]   Finished:    GraphCanonizationProject.Tests
</StdOut>
    </Output>
    <RunInfos>
      <RunInfo computerName="29de845f451e" outcome="Warning" timestamp="2026-04-28T04:46:47.6868896+00:00">
        <Text>[xUnit.net 00:00:00.15] GraphCanonizationProject.Tests: Exception filtering tests: Incorrect format for TestCaseFilter Error: Missing ')'. Specify the correct format and try again. Note that the incorrect format can lead to no test getting executed.</Text>
      </RunInfo>
      <RunInfo computerName="29de845f451e" outcome="Warning" timestamp="2026-04-28T04:46:47.7205354+00:00">
        <Text>No test matches the given testcase filter `FullyQualifiedName~AllPermutations_UniqueCanonicalCount_MatchesExpected_Extended(size: 5` in /workspace/GraphCanonizationProject.Tests/bin/Debug/net8.0/GraphCanonizationProject.Tests.dll</Text>
      </RunInfo>
    </RunInfos>
  </ResultSummary>
</TestRun>