<?xml version="1.0" encoding="utf-8"?>
<TestRun id="24ca711c-1227-4bee-8703-a6d2657a214f" name="@29de845f451e 2026-04-28 04:50:10" xmlns="http://microsoft.com/schemas/VisualStudio/TeamTest/2010">
  <Times creation="2026-04-28T04:50:10.3008501+00:00" queuing="2026-04-28T04:50:10.3008502+00:00" start="2026-04-28T04:49:44.1807190+00:00" finish="2026-04-28T04:50:10.3115612+00:00" />
  <TestSettings name="default" id="db37e2d0-ae3c-4ef1-be6b-3e4bcffcf393">
    <Deployment runDeploymentRoot="_29de845f451e_2026-04-28_04_50_10" />
  </TestSettings>
  <Results>
    <UnitTestResult executionId="cb6bc6e3-2c2b-4506-a6e9-b11d8cb5d1e3" testId="e911afbe-ee6f-2943-4fe7-4cee81416058" testName="GraphCanonTests.CfiPair_ProducesDifferentCanonical_Extended(baseName: &quot;K33&quot;)" computerName="29de845f451e" duration="00:00:25.3062394" startTime="2026-04-28T04:50:10.2036068+00:00" endTime="2026-04-28T04:50:10.2036450+00:00" testType="13cdc9d9-ddb5-4fa4-a97d-d965ccfc6d4b" outcome="Passed" testListId="8c84fa94-04c1-424b-9868-57a2d4851a1d" relativeResultsDirectory="cb6bc6e3-2c2b-4506-a6e9-b11d8cb5d1e3" />
  </Results>
  <TestDefinitions>
    <UnitTest name="GraphCanonTests.CfiPair_ProducesDifferentCanonical_Extended(baseName: &quot;K33&quot;)" storage="/workspace/graphcanonizationproject.tests/bin/debug/net8.0/graphcanonizationproject.tests.dll" id="e911afbe-ee6f-2943-4fe7-4cee81416058">
      <Execution id="cb6bc6e3-2c2b-4506-a6e9-b11d8cb5d1e3" />
      <TestMethod codeBase="/workspace/GraphCanonizationProject.Tests/bin/Debug/net8.0/GraphCanonizationProject.Tests.dll" adapterTypeName="executor://xunit/VsTestRunner2/netcoreapp" className="GraphCanonTests" name="CfiPair_ProducesDifferentCanonical_Extended" />
    </UnitTest>
  </TestDefinitions>
  <TestEntries>
    <TestEntry testId="e911afbe-ee6f-2943-4fe7-4cee81416058" executionId="cb6bc6e3-2c2b-4506-a6e9-b11d8cb5d1e3" testListId="8c84fa94-04c1-424b-9868-57a2d4851a1d" />
  </TestEntries>
  <TestLists>
    <TestList name="Results Not in a List" id="8c84fa94-04c1-424b-9868-57a2d4851a1d" />
    <TestList name="All Loaded Results" id="19431567-8539-422a-85d7-44ee4e166bda" />
  </TestLists>
  <ResultSummary outcome="Completed">
    <Counters total="1" executed="1" passed="1" failed="0" error="0" timeout="0" aborted="0" inconclusive="0" passedButRunAborted="0" notRunnable="0" notExecuted="0" disconnected="0" warning="0" completed="0" inProgress="0" pending="0" />
    <Output>
      <StdOut>[xUnit.net 00:00:00.00] xUnit.net VSTest Adapter v2.5.3.1+6b60a9e56a (64-bit .NET 8.0.26)
[xUnit.net 00:00:00.09]   Discovering: GraphCanonizationProject.Tests
[xUnit.net 00:00:00.16]   Discovered:  GraphCanonizationProject.Tests
[xUnit.net 00:00:00.17]   Starting:    GraphCanonizationProject.Tests
[xUnit.net 00:00:25.54]   Finished:    GraphCanonizationProject.Tests
</StdOut>
    </Output>
  </ResultSummary>
</TestRun>